<?xml version="1.0" encoding="UTF-8"?>
<coverage generated="1532920158699" clover="3.2.0">
  <project timestamp="1532920158699" name="All files">
    <metrics statements="222" coveredstatements="174" conditionals="60" coveredconditionals="32" methods="49" coveredmethods="35" elements="331" coveredelements="241" complexity="0" loc="222" ncloc="222" packages="5" files="16" classes="16">
      <package name="client.src">
        <metrics statements="7" coveredstatements="7" conditionals="0" coveredconditionals="0" methods="1" coveredmethods="1"/>
        <file name="utils.js" path="/Users/Home/Documents/Hack Reactor/FEC2/Review-Service/client/src/utils.js">
          <metrics statements="7" coveredstatements="7" conditionals="0" coveredconditionals="0" methods="1" coveredmethods="1"/>
          <line num="1" count="4" type="stmt"/>
          <line num="2" count="10" type="stmt"/>
          <line num="3" count="10" type="stmt"/>
          <line num="4" count="10" type="stmt"/>
          <line num="5" count="10" type="stmt"/>
          <line num="6" count="10" type="stmt"/>
          <line num="9" count="4" type="stmt"/>
        </file>
      </package>
      <package name="client.src.components">
        <metrics statements="167" coveredstatements="123" conditionals="56" coveredconditionals="30" methods="42" coveredmethods="28"/>
        <file name="App.jsx" path="/Users/Home/Documents/Hack Reactor/FEC2/Review-Service/client/src/components/App.jsx">
          <metrics statements="26" coveredstatements="16" conditionals="0" coveredconditionals="0" methods="11" coveredmethods="5"/>
          <line num="12" count="2" type="stmt"/>
          <line num="14" count="2" type="stmt"/>
          <line num="23" count="2" type="stmt"/>
          <line num="24" count="2" type="stmt"/>
          <line num="25" count="2" type="stmt"/>
          <line num="29" count="2" type="stmt"/>
          <line num="30" count="2" type="stmt"/>
          <line num="34" count="0" type="stmt"/>
          <line num="35" count="0" type="stmt"/>
          <line num="37" count="0" type="stmt"/>
          <line num="38" count="0" type="stmt"/>
          <line num="40" count="0" type="stmt"/>
          <line num="44" count="2" type="stmt"/>
          <line num="45" count="2" type="stmt"/>
          <line num="47" count="2" type="stmt"/>
          <line num="49" count="0" type="stmt"/>
          <line num="52" count="0" type="stmt"/>
          <line num="57" count="2" type="stmt"/>
          <line num="58" count="2" type="stmt"/>
          <line num="60" count="2" type="stmt"/>
          <line num="62" count="0" type="stmt"/>
          <line num="65" count="0" type="stmt"/>
          <line num="70" count="0" type="stmt"/>
          <line num="74" count="2" type="stmt"/>
          <line num="75" count="2" type="stmt"/>
          <line num="77" count="2" type="stmt"/>
        </file>
        <file name="Breakdown.jsx" path="/Users/Home/Documents/Hack Reactor/FEC2/Review-Service/client/src/components/Breakdown.jsx">
          <metrics statements="10" coveredstatements="10" conditionals="0" coveredconditionals="0" methods="1" coveredmethods="1"/>
          <line num="7" count="2" type="stmt"/>
          <line num="9" count="1" type="stmt"/>
          <line num="10" count="1" type="stmt"/>
          <line num="12" count="1" type="stmt"/>
          <line num="13" count="1" type="stmt"/>
          <line num="14" count="1" type="stmt"/>
          <line num="15" count="1" type="stmt"/>
          <line num="16" count="1" type="stmt"/>
          <line num="17" count="1" type="stmt"/>
          <line num="20" count="1" type="stmt"/>
        </file>
        <file name="Overview.jsx" path="/Users/Home/Documents/Hack Reactor/FEC2/Review-Service/client/src/components/Overview.jsx">
          <metrics statements="2" coveredstatements="1" conditionals="0" coveredconditionals="0" methods="1" coveredmethods="0"/>
          <line num="7" count="1" type="stmt"/>
          <line num="8" count="0" type="stmt"/>
        </file>
        <file name="Pagination.jsx" path="/Users/Home/Documents/Hack Reactor/FEC2/Review-Service/client/src/components/Pagination.jsx">
          <metrics statements="89" coveredstatements="59" conditionals="52" coveredconditionals="26" methods="15" coveredmethods="10"/>
          <line num="7" count="2" type="stmt"/>
          <line num="8" count="2" type="stmt"/>
          <line num="10" count="2" type="stmt"/>
          <line num="11" count="6" type="stmt"/>
          <line num="12" count="6" type="stmt"/>
          <line num="14" count="6" type="stmt"/>
          <line num="15" count="10" type="stmt"/>
          <line num="16" count="10" type="stmt"/>
          <line num="20" count="6" type="stmt"/>
          <line num="25" count="2" type="stmt"/>
          <line num="26" count="2" type="cond" truecount="1" falsecount="2"/>
          <line num="29" count="2" type="cond" truecount="1" falsecount="1"/>
          <line num="31" count="2" type="cond" truecount="1" falsecount="1"/>
          <line num="33" count="2" type="cond" truecount="1" falsecount="1"/>
          <line num="37" count="2" type="stmt"/>
          <line num="39" count="2" type="stmt"/>
          <line num="43" count="2" type="stmt"/>
          <line num="44" count="2" type="stmt"/>
          <line num="45" count="2" type="stmt"/>
          <line num="46" count="2" type="stmt"/>
          <line num="50" count="2" type="cond" truecount="1" falsecount="1"/>
          <line num="51" count="0" type="stmt"/>
          <line num="52" count="0" type="stmt"/>
          <line num="53" count="0" type="stmt"/>
          <line num="54" count="0" type="stmt"/>
          <line num="55" count="0" type="stmt"/>
          <line num="56" count="0" type="cond" truecount="0" falsecount="2"/>
          <line num="57" count="0" type="stmt"/>
          <line num="64" count="2" type="stmt"/>
          <line num="69" count="2" type="cond" truecount="1" falsecount="0"/>
          <line num="72" count="2" type="stmt"/>
          <line num="74" count="2" type="stmt"/>
          <line num="82" count="2" type="stmt"/>
          <line num="87" count="0" type="stmt"/>
          <line num="88" count="0" type="stmt"/>
          <line num="89" count="0" type="stmt"/>
          <line num="93" count="0" type="stmt"/>
          <line num="94" count="0" type="stmt"/>
          <line num="95" count="0" type="stmt"/>
          <line num="99" count="0" type="stmt"/>
          <line num="100" count="0" type="stmt"/>
          <line num="101" count="0" type="stmt"/>
          <line num="102" count="0" type="stmt"/>
          <line num="106" count="4" type="stmt"/>
          <line num="107" count="4" type="stmt"/>
          <line num="108" count="4" type="stmt"/>
          <line num="112" count="4" type="stmt"/>
          <line num="114" count="4" type="cond" truecount="2" falsecount="2"/>
          <line num="115" count="4" type="stmt"/>
          <line num="116" count="0" type="cond" truecount="0" falsecount="4"/>
          <line num="117" count="0" type="stmt"/>
          <line num="120" count="4" type="stmt"/>
          <line num="122" count="4" type="cond" truecount="2" falsecount="0"/>
          <line num="124" count="2" type="stmt"/>
          <line num="126" count="2" type="stmt"/>
          <line num="128" count="2" type="stmt"/>
          <line num="131" count="2" type="stmt"/>
          <line num="133" count="2" type="stmt"/>
          <line num="135" count="2" type="stmt"/>
          <line num="139" count="2" type="cond" truecount="1" falsecount="5"/>
          <line num="142" count="0" type="stmt"/>
          <line num="143" count="0" type="stmt"/>
          <line num="147" count="0" type="stmt"/>
          <line num="148" count="0" type="stmt"/>
          <line num="152" count="0" type="stmt"/>
          <line num="153" count="0" type="stmt"/>
          <line num="154" count="0" type="stmt"/>
          <line num="158" count="2" type="stmt"/>
          <line num="159" count="2" type="stmt"/>
          <line num="160" count="2" type="stmt"/>
          <line num="165" count="0" type="stmt"/>
          <line num="166" count="0" type="stmt"/>
          <line num="169" count="2" type="stmt"/>
          <line num="171" count="2" type="cond" truecount="1" falsecount="1"/>
          <line num="172" count="0" type="stmt"/>
          <line num="175" count="2" type="cond" truecount="1" falsecount="1"/>
          <line num="176" count="2" type="stmt"/>
          <line num="179" count="2" type="stmt"/>
          <line num="182" count="2" type="stmt"/>
          <line num="186" count="4" type="cond" truecount="3" falsecount="1"/>
          <line num="188" count="4" type="stmt"/>
          <line num="189" count="4" type="stmt"/>
          <line num="191" count="4" type="stmt"/>
          <line num="197" count="18" type="cond" truecount="1" falsecount="1"/>
          <line num="207" count="18" type="cond" truecount="2" falsecount="0"/>
          <line num="217" count="16" type="cond" truecount="2" falsecount="0"/>
          <line num="223" count="14" type="stmt"/>
          <line num="225" count="0" type="stmt"/>
          <line num="240" count="2" type="stmt"/>
        </file>
        <file name="Paw.jsx" path="/Users/Home/Documents/Hack Reactor/FEC2/Review-Service/client/src/components/Paw.jsx">
          <metrics statements="2" coveredstatements="2" conditionals="0" coveredconditionals="0" methods="1" coveredmethods="1"/>
          <line num="5" count="4" type="stmt"/>
          <line num="6" count="28" type="stmt"/>
        </file>
        <file name="Paws.jsx" path="/Users/Home/Documents/Hack Reactor/FEC2/Review-Service/client/src/components/Paws.jsx">
          <metrics statements="19" coveredstatements="18" conditionals="4" coveredconditionals="4" methods="5" coveredmethods="4"/>
          <line num="8" count="7" type="stmt"/>
          <line num="10" count="7" type="stmt"/>
          <line num="11" count="7" type="stmt"/>
          <line num="15" count="0" type="stmt"/>
          <line num="19" count="7" type="stmt"/>
          <line num="20" count="7" type="stmt"/>
          <line num="21" count="7" type="stmt"/>
          <line num="22" count="7" type="stmt"/>
          <line num="24" count="7" type="cond" truecount="2" falsecount="0"/>
          <line num="25" count="2" type="stmt"/>
          <line num="28" count="7" type="stmt"/>
          <line num="29" count="13" type="stmt"/>
          <line num="32" count="7" type="cond" truecount="2" falsecount="0"/>
          <line num="33" count="2" type="stmt"/>
          <line num="36" count="7" type="stmt"/>
          <line num="37" count="13" type="stmt"/>
          <line num="41" count="7" type="stmt"/>
          <line num="45" count="7" type="stmt"/>
          <line num="48" count="28" type="stmt"/>
        </file>
        <file name="ReviewEntry.jsx" path="/Users/Home/Documents/Hack Reactor/FEC2/Review-Service/client/src/components/ReviewEntry.jsx">
          <metrics statements="3" coveredstatements="3" conditionals="0" coveredconditionals="0" methods="1" coveredmethods="1"/>
          <line num="11" count="3" type="stmt"/>
          <line num="12" count="8" type="stmt"/>
          <line num="14" count="8" type="stmt"/>
        </file>
        <file name="ReviewList.jsx" path="/Users/Home/Documents/Hack Reactor/FEC2/Review-Service/client/src/components/ReviewList.jsx">
          <metrics statements="7" coveredstatements="5" conditionals="0" coveredconditionals="0" methods="4" coveredmethods="3"/>
          <line num="12" count="1" type="stmt"/>
          <line num="13" count="1" type="stmt"/>
          <line num="14" count="1" type="stmt"/>
          <line num="18" count="0" type="stmt"/>
          <line num="19" count="0" type="stmt"/>
          <line num="23" count="1" type="stmt"/>
          <line num="26" count="7" type="stmt"/>
        </file>
        <file name="SubBreakdownLeft.jsx" path="/Users/Home/Documents/Hack Reactor/FEC2/Review-Service/client/src/components/SubBreakdownLeft.jsx">
          <metrics statements="3" coveredstatements="3" conditionals="0" coveredconditionals="0" methods="1" coveredmethods="1"/>
          <line num="6" count="2" type="stmt"/>
          <line num="8" count="1" type="stmt"/>
          <line num="51" count="2" type="stmt"/>
        </file>
        <file name="SubBreakdownRight.jsx" path="/Users/Home/Documents/Hack Reactor/FEC2/Review-Service/client/src/components/SubBreakdownRight.jsx">
          <metrics statements="3" coveredstatements="3" conditionals="0" coveredconditionals="0" methods="1" coveredmethods="1"/>
          <line num="6" count="2" type="stmt"/>
          <line num="8" count="1" type="stmt"/>
          <line num="51" count="2" type="stmt"/>
        </file>
        <file name="Summary.jsx" path="/Users/Home/Documents/Hack Reactor/FEC2/Review-Service/client/src/components/Summary.jsx">
          <metrics statements="3" coveredstatements="3" conditionals="0" coveredconditionals="0" methods="1" coveredmethods="1"/>
          <line num="6" count="2" type="stmt"/>
          <line num="7" count="1" type="stmt"/>
          <line num="8" count="1" type="stmt"/>
        </file>
      </package>
      <package name="database">
        <metrics statements="12" coveredstatements="12" conditionals="0" coveredconditionals="0" methods="2" coveredmethods="2"/>
        <file name="config.js" path="/Users/Home/Documents/Hack Reactor/FEC2/Review-Service/database/config.js">
          <metrics statements="4" coveredstatements="4" conditionals="0" coveredconditionals="0" methods="0" coveredmethods="0"/>
          <line num="2" count="1" type="stmt"/>
          <line num="4" count="1" type="stmt"/>
          <line num="11" count="1" type="stmt"/>
          <line num="13" count="1" type="stmt"/>
        </file>
        <file name="operations.js" path="/Users/Home/Documents/Hack Reactor/FEC2/Review-Service/database/operations.js">
          <metrics statements="8" coveredstatements="8" conditionals="0" coveredconditionals="0" methods="2" coveredmethods="2"/>
          <line num="1" count="1" type="stmt"/>
          <line num="3" count="1" type="stmt"/>
          <line num="4" count="2" type="stmt"/>
          <line num="7" count="2" type="stmt"/>
          <line num="10" count="1" type="stmt"/>
          <line num="11" count="1" type="stmt"/>
          <line num="16" count="1" type="stmt"/>
          <line num="19" count="1" type="stmt"/>
        </file>
      </package>
      <package name="server">
        <metrics statements="35" coveredstatements="31" conditionals="4" coveredconditionals="2" methods="4" coveredmethods="4"/>
        <file name="server.js" path="/Users/Home/Documents/Hack Reactor/FEC2/Review-Service/server/server.js">
          <metrics statements="35" coveredstatements="31" conditionals="4" coveredconditionals="2" methods="4" coveredmethods="4"/>
          <line num="2" count="1" type="stmt"/>
          <line num="3" count="1" type="stmt"/>
          <line num="4" count="1" type="stmt"/>
          <line num="5" count="1" type="stmt"/>
          <line num="7" count="1" type="stmt"/>
          <line num="9" count="1" type="stmt"/>
          <line num="10" count="1" type="stmt"/>
          <line num="12" count="1" type="stmt"/>
          <line num="16" count="1" type="stmt"/>
          <line num="17" count="2" type="stmt"/>
          <line num="18" count="2" type="stmt"/>
          <line num="19" count="2" type="stmt"/>
          <line num="22" count="2" type="stmt"/>
          <line num="23" count="2" type="cond" truecount="1" falsecount="1"/>
          <line num="24" count="0" type="stmt"/>
          <line num="25" count="0" type="stmt"/>
          <line num="28" count="2" type="stmt"/>
          <line num="29" count="2" type="stmt"/>
          <line num="30" count="2" type="stmt"/>
          <line num="31" count="2" type="stmt"/>
          <line num="32" count="2" type="stmt"/>
          <line num="33" count="2" type="stmt"/>
          <line num="34" count="2" type="stmt"/>
          <line num="35" count="2" type="stmt"/>
          <line num="60" count="2" type="stmt"/>
          <line num="64" count="1" type="stmt"/>
          <line num="65" count="1" type="stmt"/>
          <line num="66" count="1" type="stmt"/>
          <line num="68" count="1" type="stmt"/>
          <line num="69" count="1" type="cond" truecount="1" falsecount="1"/>
          <line num="70" count="0" type="stmt"/>
          <line num="71" count="0" type="stmt"/>
          <line num="74" count="1" type="stmt"/>
          <line num="78" count="1" type="stmt"/>
          <line num="80" count="1" type="stmt"/>
        </file>
      </package>
      <package name="spec">
        <metrics statements="1" coveredstatements="1" conditionals="0" coveredconditionals="0" methods="0" coveredmethods="0"/>
        <file name="setup.js" path="/Users/Home/Documents/Hack Reactor/FEC2/Review-Service/spec/setup.js">
          <metrics statements="1" coveredstatements="1" conditionals="0" coveredconditionals="0" methods="0" coveredmethods="0"/>
          <line num="4" count="10" type="stmt"/>
        </file>
      </package>
    </metrics>
  </project>
</coverage>
