{"/Users/Home/Documents/Hack Reactor/FEC2/Review-Service/client/src/utils.js": {"path":"/Users/Home/Documents/Hack Reactor/FEC2/Review-Service/client/src/utils.js","statementMap":{"0":{"start":{"line":1,"column":19},"end":{"line":7,"column":1}},"1":{"start":{"line":2,"column":18},"end":{"line":2,"column":50}},"2":{"start":{"line":3,"column":2},"end":{"line":3,"column":39}},"3":{"start":{"line":4,"column":18},"end":{"line":4,"column":38}},"4":{"start":{"line":5,"column":20},"end":{"line":5,"column":64}},"5":{"start":{"line":6,"column":2},"end":{"line":6,"column":19}},"6":{"start":{"line":9,"column":0},"end":{"line":11,"column":1}}},"fnMap":{"0":{"name":"(anonymous_0)","decl":{"start":{"line":1,"column":19},"end":{"line":1,"column":20}},"loc":{"start":{"line":1,"column":35},"end":{"line":7,"column":1}},"line":1}},"branchMap":{},"s":{"0":4,"1":10,"2":10,"3":10,"4":10,"5":10,"6":4},"f":{"0":10},"b":{},"_coverageSchema":"332fd63041d2c1bcb487cc26dd0d5f7d97098a6c","hash":"169a7cecc72e0f67dbaa25a58f689889d9728566"}
,"/Users/Home/Documents/Hack Reactor/FEC2/Review-Service/client/src/components/App.jsx": {"path":"/Users/Home/Documents/Hack Reactor/FEC2/Review-Service/client/src/components/App.jsx","statementMap":{"0":{"start":{"line":12,"column":4},"end":{"line":12,"column":17}},"1":{"start":{"line":14,"column":4},"end":{"line":21,"column":6}},"2":{"start":{"line":23,"column":4},"end":{"line":23,"column":55}},"3":{"start":{"line":24,"column":4},"end":{"line":24,"column":53}},"4":{"start":{"line":25,"column":4},"end":{"line":25,"column":27}},"5":{"start":{"line":29,"column":4},"end":{"line":29,"column":22}},"6":{"start":{"line":30,"column":4},"end":{"line":30,"column":22}},"7":{"start":{"line":34,"column":27},"end":{"line":34,"column":37}},"8":{"start":{"line":35,"column":51},"end":{"line":35,"column":55}},"9":{"start":{"line":37,"column":19},"end":{"line":37,"column":48}},"10":{"start":{"line":38,"column":27},"end":{"line":38,"column":71}},"11":{"start":{"line":40,"column":4},"end":{"line":40,"column":63}},"12":{"start":{"line":44,"column":21},"end":{"line":44,"column":42}},"13":{"start":{"line":45,"column":15},"end":{"line":45,"column":19}},"14":{"start":{"line":47,"column":4},"end":{"line":53,"column":9}},"15":{"start":{"line":49,"column":8},"end":{"line":49,"column":51}},"16":{"start":{"line":52,"column":8},"end":{"line":52,"column":25}},"17":{"start":{"line":57,"column":21},"end":{"line":57,"column":42}},"18":{"start":{"line":58,"column":15},"end":{"line":58,"column":19}},"19":{"start":{"line":60,"column":4},"end":{"line":66,"column":9}},"20":{"start":{"line":62,"column":8},"end":{"line":62,"column":48}},"21":{"start":{"line":65,"column":8},"end":{"line":65,"column":25}},"22":{"start":{"line":70,"column":4},"end":{"line":70,"column":26}},"23":{"start":{"line":74,"column":68},"end":{"line":74,"column":78}},"24":{"start":{"line":75,"column":25},"end":{"line":75,"column":42}},"25":{"start":{"line":77,"column":4},"end":{"line":83,"column":6}}},"fnMap":{"0":{"name":"(anonymous_0)","decl":{"start":{"line":11,"column":2},"end":{"line":11,"column":3}},"loc":{"start":{"line":11,"column":21},"end":{"line":26,"column":3}},"line":11},"1":{"name":"(anonymous_1)","decl":{"start":{"line":28,"column":2},"end":{"line":28,"column":3}},"loc":{"start":{"line":28,"column":22},"end":{"line":31,"column":3}},"line":28},"2":{"name":"(anonymous_2)","decl":{"start":{"line":33,"column":2},"end":{"line":33,"column":3}},"loc":{"start":{"line":33,"column":22},"end":{"line":41,"column":3}},"line":33},"3":{"name":"(anonymous_3)","decl":{"start":{"line":43,"column":2},"end":{"line":43,"column":3}},"loc":{"start":{"line":43,"column":15},"end":{"line":54,"column":3}},"line":43},"4":{"name":"(anonymous_4)","decl":{"start":{"line":48,"column":12},"end":{"line":48,"column":13}},"loc":{"start":{"line":48,"column":31},"end":{"line":50,"column":7}},"line":48},"5":{"name":"(anonymous_5)","decl":{"start":{"line":51,"column":13},"end":{"line":51,"column":14}},"loc":{"start":{"line":51,"column":27},"end":{"line":53,"column":7}},"line":51},"6":{"name":"(anonymous_6)","decl":{"start":{"line":56,"column":2},"end":{"line":56,"column":3}},"loc":{"start":{"line":56,"column":15},"end":{"line":67,"column":3}},"line":56},"7":{"name":"(anonymous_7)","decl":{"start":{"line":61,"column":12},"end":{"line":61,"column":13}},"loc":{"start":{"line":61,"column":31},"end":{"line":63,"column":7}},"line":61},"8":{"name":"(anonymous_8)","decl":{"start":{"line":64,"column":13},"end":{"line":64,"column":14}},"loc":{"start":{"line":64,"column":27},"end":{"line":66,"column":7}},"line":64},"9":{"name":"(anonymous_9)","decl":{"start":{"line":69,"column":2},"end":{"line":69,"column":3}},"loc":{"start":{"line":69,"column":20},"end":{"line":71,"column":3}},"line":69},"10":{"name":"(anonymous_10)","decl":{"start":{"line":73,"column":2},"end":{"line":73,"column":3}},"loc":{"start":{"line":73,"column":11},"end":{"line":84,"column":3}},"line":73}},"branchMap":{},"s":{"0":2,"1":2,"2":2,"3":2,"4":2,"5":2,"6":2,"7":0,"8":0,"9":0,"10":0,"11":0,"12":2,"13":2,"14":2,"15":0,"16":0,"17":2,"18":2,"19":2,"20":0,"21":0,"22":0,"23":2,"24":2,"25":2},"f":{"0":2,"1":2,"2":0,"3":2,"4":0,"5":0,"6":2,"7":0,"8":0,"9":0,"10":2},"b":{},"_coverageSchema":"332fd63041d2c1bcb487cc26dd0d5f7d97098a6c","hash":"4d1c29bd041a7b7e259eedd54939fd1306aa3c31"}
,"/Users/Home/Documents/Hack Reactor/FEC2/Review-Service/client/src/components/Breakdown.jsx": {"path":"/Users/Home/Documents/Hack Reactor/FEC2/Review-Service/client/src/components/Breakdown.jsx","statementMap":{"0":{"start":{"line":7,"column":18},"end":{"line":26,"column":1}},"1":{"start":{"line":9,"column":22},"end":{"line":9,"column":24}},"2":{"start":{"line":10,"column":23},"end":{"line":10,"column":25}},"3":{"start":{"line":12,"column":2},"end":{"line":12,"column":51}},"4":{"start":{"line":13,"column":2},"end":{"line":13,"column":61}},"5":{"start":{"line":14,"column":2},"end":{"line":14,"column":57}},"6":{"start":{"line":15,"column":2},"end":{"line":15,"column":55}},"7":{"start":{"line":16,"column":2},"end":{"line":16,"column":55}},"8":{"start":{"line":17,"column":2},"end":{"line":17,"column":47}},"9":{"start":{"line":20,"column":2},"end":{"line":25,"column":3}}},"fnMap":{"0":{"name":"(anonymous_0)","decl":{"start":{"line":7,"column":18},"end":{"line":7,"column":19}},"loc":{"start":{"line":7,"column":29},"end":{"line":26,"column":1}},"line":7}},"branchMap":{},"s":{"0":2,"1":1,"2":1,"3":1,"4":1,"5":1,"6":1,"7":1,"8":1,"9":1},"f":{"0":1},"b":{},"_coverageSchema":"332fd63041d2c1bcb487cc26dd0d5f7d97098a6c","hash":"1da80e2d2f4cd267284a14823a695c589c083b21"}
,"/Users/Home/Documents/Hack Reactor/FEC2/Review-Service/client/src/components/Overview.jsx": {"path":"/Users/Home/Documents/Hack Reactor/FEC2/Review-Service/client/src/components/Overview.jsx","statementMap":{"0":{"start":{"line":7,"column":17},"end":{"line":14,"column":1}},"1":{"start":{"line":8,"column":2},"end":{"line":13,"column":4}}},"fnMap":{"0":{"name":"(anonymous_0)","decl":{"start":{"line":7,"column":17},"end":{"line":7,"column":18}},"loc":{"start":{"line":7,"column":28},"end":{"line":14,"column":1}},"line":7}},"branchMap":{},"s":{"0":1,"1":0},"f":{"0":0},"b":{},"_coverageSchema":"332fd63041d2c1bcb487cc26dd0d5f7d97098a6c","hash":"2b8d1af4f9691cc4b5a6c3cd2c696d57c5154450"}
,"/Users/Home/Documents/Hack Reactor/FEC2/Review-Service/client/src/components/Pagination.jsx": {"path":"/Users/Home/Documents/Hack Reactor/FEC2/Review-Service/client/src/components/Pagination.jsx","statementMap":{"0":{"start":{"line":7,"column":18},"end":{"line":7,"column":24}},"1":{"start":{"line":8,"column":19},"end":{"line":8,"column":26}},"2":{"start":{"line":10,"column":14},"end":{"line":21,"column":1}},"3":{"start":{"line":11,"column":10},"end":{"line":11,"column":14}},"4":{"start":{"line":12,"column":16},"end":{"line":12,"column":18}},"5":{"start":{"line":14,"column":2},"end":{"line":18,"column":3}},"6":{"start":{"line":15,"column":4},"end":{"line":15,"column":18}},"7":{"start":{"line":16,"column":4},"end":{"line":16,"column":8}},"8":{"start":{"line":20,"column":2},"end":{"line":20,"column":15}},"9":{"start":{"line":25,"column":4},"end":{"line":25,"column":17}},"10":{"start":{"line":26,"column":69},"end":{"line":26,"column":79}},"11":{"start":{"line":29,"column":4},"end":{"line":29,"column":67}},"12":{"start":{"line":31,"column":4},"end":{"line":31,"column":76}},"13":{"start":{"line":33,"column":4},"end":{"line":35,"column":49}},"14":{"start":{"line":37,"column":4},"end":{"line":37,"column":68}},"15":{"start":{"line":39,"column":4},"end":{"line":41,"column":6}},"16":{"start":{"line":43,"column":4},"end":{"line":43,"column":45}},"17":{"start":{"line":44,"column":4},"end":{"line":44,"column":51}},"18":{"start":{"line":45,"column":4},"end":{"line":45,"column":57}},"19":{"start":{"line":46,"column":4},"end":{"line":46,"column":59}},"20":{"start":{"line":50,"column":4},"end":{"line":60,"column":5}},"21":{"start":{"line":51,"column":6},"end":{"line":51,"column":49}},"22":{"start":{"line":52,"column":6},"end":{"line":52,"column":53}},"23":{"start":{"line":53,"column":6},"end":{"line":53,"column":70}},"24":{"start":{"line":54,"column":6},"end":{"line":59,"column":9}},"25":{"start":{"line":55,"column":6},"end":{"line":55,"column":44}},"26":{"start":{"line":56,"column":6},"end":{"line":58,"column":7}},"27":{"start":{"line":57,"column":8},"end":{"line":57,"column":47}},"28":{"start":{"line":64,"column":4},"end":{"line":64,"column":21}},"29":{"start":{"line":69,"column":39},"end":{"line":69,"column":49}},"30":{"start":{"line":69,"column":33},"end":{"line":69,"column":34}},"31":{"start":{"line":72,"column":24},"end":{"line":72,"column":68}},"32":{"start":{"line":74,"column":27},"end":{"line":79,"column":5}},"33":{"start":{"line":82,"column":4},"end":{"line":82,"column":85}},"34":{"start":{"line":82,"column":54},"end":{"line":82,"column":83}},"35":{"start":{"line":87,"column":4},"end":{"line":87,"column":25}},"36":{"start":{"line":88,"column":4},"end":{"line":88,"column":24}},"37":{"start":{"line":89,"column":4},"end":{"line":89,"column":112}},"38":{"start":{"line":93,"column":4},"end":{"line":93,"column":25}},"39":{"start":{"line":94,"column":4},"end":{"line":94,"column":46}},"40":{"start":{"line":95,"column":4},"end":{"line":95,"column":112}},"41":{"start":{"line":99,"column":4},"end":{"line":99,"column":26}},"42":{"start":{"line":100,"column":4},"end":{"line":100,"column":46}},"43":{"start":{"line":101,"column":4},"end":{"line":101,"column":26}},"44":{"start":{"line":102,"column":4},"end":{"line":102,"column":112}},"45":{"start":{"line":106,"column":23},"end":{"line":106,"column":38}},"46":{"start":{"line":107,"column":24},"end":{"line":107,"column":46}},"47":{"start":{"line":108,"column":27},"end":{"line":108,"column":46}},"48":{"start":{"line":112,"column":23},"end":{"line":112,"column":52}},"49":{"start":{"line":114,"column":4},"end":{"line":118,"column":5}},"50":{"start":{"line":115,"column":6},"end":{"line":115,"column":51}},"51":{"start":{"line":116,"column":11},"end":{"line":118,"column":5}},"52":{"start":{"line":117,"column":6},"end":{"line":117,"column":51}},"53":{"start":{"line":120,"column":24},"end":{"line":120,"column":40}},"54":{"start":{"line":122,"column":4},"end":{"line":180,"column":5}},"55":{"start":{"line":124,"column":24},"end":{"line":124,"column":65}},"56":{"start":{"line":126,"column":22},"end":{"line":126,"column":75}},"57":{"start":{"line":128,"column":18},"end":{"line":128,"column":43}},"58":{"start":{"line":131,"column":27},"end":{"line":131,"column":40}},"59":{"start":{"line":133,"column":28},"end":{"line":133,"column":54}},"60":{"start":{"line":135,"column":26},"end":{"line":135,"column":59}},"61":{"start":{"line":139,"column":6},"end":{"line":168,"column":7}},"62":{"start":{"line":142,"column":10},"end":{"line":142,"column":38}},"63":{"start":{"line":143,"column":10},"end":{"line":143,"column":16}},"64":{"start":{"line":147,"column":10},"end":{"line":147,"column":91}},"65":{"start":{"line":148,"column":10},"end":{"line":148,"column":16}},"66":{"start":{"line":152,"column":29},"end":{"line":152,"column":73}},"67":{"start":{"line":153,"column":10},"end":{"line":153,"column":51}},"68":{"start":{"line":154,"column":10},"end":{"line":154,"column":16}},"69":{"start":{"line":158,"column":29},"end":{"line":158,"column":70}},"70":{"start":{"line":159,"column":10},"end":{"line":159,"column":51}},"71":{"start":{"line":160,"column":10},"end":{"line":160,"column":16}},"72":{"start":{"line":165,"column":10},"end":{"line":165,"column":44}},"73":{"start":{"line":166,"column":10},"end":{"line":166,"column":16}},"74":{"start":{"line":169,"column":6},"end":{"line":169,"column":48}},"75":{"start":{"line":171,"column":6},"end":{"line":173,"column":7}},"76":{"start":{"line":172,"column":8},"end":{"line":172,"column":41}},"77":{"start":{"line":175,"column":6},"end":{"line":177,"column":7}},"78":{"start":{"line":176,"column":8},"end":{"line":176,"column":39}},"79":{"start":{"line":179,"column":6},"end":{"line":179,"column":27}},"80":{"start":{"line":182,"column":4},"end":{"line":182,"column":32}},"81":{"start":{"line":186,"column":4},"end":{"line":186,"column":65}},"82":{"start":{"line":186,"column":53},"end":{"line":186,"column":65}},"83":{"start":{"line":188,"column":28},"end":{"line":188,"column":38}},"84":{"start":{"line":189,"column":18},"end":{"line":189,"column":41}},"85":{"start":{"line":191,"column":4},"end":{"line":236,"column":6}},"86":{"start":{"line":197,"column":14},"end":{"line":205,"column":16}},"87":{"start":{"line":197,"column":38},"end":{"line":205,"column":16}},"88":{"start":{"line":207,"column":14},"end":{"line":215,"column":16}},"89":{"start":{"line":207,"column":39},"end":{"line":215,"column":16}},"90":{"start":{"line":217,"column":14},"end":{"line":221,"column":15}},"91":{"start":{"line":217,"column":34},"end":{"line":221,"column":15}},"92":{"start":{"line":223,"column":14},"end":{"line":231,"column":16}},"93":{"start":{"line":225,"column":45},"end":{"line":225,"column":72}},"94":{"start":{"line":240,"column":0},"end":{"line":245,"column":1}}},"fnMap":{"0":{"name":"(anonymous_0)","decl":{"start":{"line":10,"column":14},"end":{"line":10,"column":15}},"loc":{"start":{"line":10,"column":28},"end":{"line":21,"column":1}},"line":10},"1":{"name":"(anonymous_1)","decl":{"start":{"line":24,"column":2},"end":{"line":24,"column":3}},"loc":{"start":{"line":24,"column":21},"end":{"line":47,"column":3}},"line":24},"2":{"name":"(anonymous_2)","decl":{"start":{"line":49,"column":2},"end":{"line":49,"column":3}},"loc":{"start":{"line":49,"column":39},"end":{"line":61,"column":3}},"line":49},"3":{"name":"(anonymous_3)","decl":{"start":{"line":54,"column":38},"end":{"line":54,"column":39}},"loc":{"start":{"line":54,"column":49},"end":{"line":59,"column":7}},"line":54},"4":{"name":"(anonymous_4)","decl":{"start":{"line":63,"column":2},"end":{"line":63,"column":3}},"loc":{"start":{"line":63,"column":22},"end":{"line":65,"column":3}},"line":63},"5":{"name":"(anonymous_5)","decl":{"start":{"line":67,"column":2},"end":{"line":67,"column":3}},"loc":{"start":{"line":67,"column":17},"end":{"line":83,"column":3}},"line":67},"6":{"name":"(anonymous_6)","decl":{"start":{"line":69,"column":28},"end":{"line":69,"column":29}},"loc":{"start":{"line":69,"column":33},"end":{"line":69,"column":34}},"line":69},"7":{"name":"(anonymous_7)","decl":{"start":{"line":82,"column":48},"end":{"line":82,"column":49}},"loc":{"start":{"line":82,"column":54},"end":{"line":82,"column":83}},"line":82},"8":{"name":"(anonymous_8)","decl":{"start":{"line":86,"column":2},"end":{"line":86,"column":3}},"loc":{"start":{"line":86,"column":25},"end":{"line":90,"column":3}},"line":86},"9":{"name":"(anonymous_9)","decl":{"start":{"line":92,"column":2},"end":{"line":92,"column":3}},"loc":{"start":{"line":92,"column":22},"end":{"line":96,"column":3}},"line":92},"10":{"name":"(anonymous_10)","decl":{"start":{"line":98,"column":2},"end":{"line":98,"column":3}},"loc":{"start":{"line":98,"column":23},"end":{"line":103,"column":3}},"line":98},"11":{"name":"(anonymous_11)","decl":{"start":{"line":105,"column":2},"end":{"line":105,"column":3}},"loc":{"start":{"line":105,"column":21},"end":{"line":183,"column":3}},"line":105},"12":{"name":"(anonymous_12)","decl":{"start":{"line":185,"column":2},"end":{"line":185,"column":3}},"loc":{"start":{"line":185,"column":11},"end":{"line":237,"column":3}},"line":185},"13":{"name":"(anonymous_13)","decl":{"start":{"line":195,"column":23},"end":{"line":195,"column":24}},"loc":{"start":{"line":195,"column":40},"end":{"line":232,"column":13}},"line":195},"14":{"name":"(anonymous_14)","decl":{"start":{"line":225,"column":36},"end":{"line":225,"column":37}},"loc":{"start":{"line":225,"column":45},"end":{"line":225,"column":72}},"line":225}},"branchMap":{"0":{"loc":{"start":{"line":26,"column":11},"end":{"line":26,"column":30}},"type":"default-arg","locations":[{"start":{"line":26,"column":26},"end":{"line":26,"column":30}}],"line":26},"1":{"loc":{"start":{"line":26,"column":32},"end":{"line":26,"column":45}},"type":"default-arg","locations":[{"start":{"line":26,"column":44},"end":{"line":26,"column":45}}],"line":26},"2":{"loc":{"start":{"line":26,"column":47},"end":{"line":26,"column":65}},"type":"default-arg","locations":[{"start":{"line":26,"column":64},"end":{"line":26,"column":65}}],"line":26},"3":{"loc":{"start":{"line":29,"column":21},"end":{"line":29,"column":66}},"type":"cond-expr","locations":[{"start":{"line":29,"column":53},"end":{"line":29,"column":62}},{"start":{"line":29,"column":65},"end":{"line":29,"column":66}}],"line":29},"4":{"loc":{"start":{"line":31,"column":24},"end":{"line":31,"column":75}},"type":"cond-expr","locations":[{"start":{"line":31,"column":59},"end":{"line":31,"column":71}},{"start":{"line":31,"column":74},"end":{"line":31,"column":75}}],"line":31},"5":{"loc":{"start":{"line":33,"column":26},"end":{"line":35,"column":48}},"type":"cond-expr","locations":[{"start":{"line":35,"column":4},"end":{"line":35,"column":44}},{"start":{"line":35,"column":47},"end":{"line":35,"column":48}}],"line":33},"6":{"loc":{"start":{"line":50,"column":4},"end":{"line":60,"column":5}},"type":"if","locations":[{"start":{"line":50,"column":4},"end":{"line":60,"column":5}},{"start":{"line":50,"column":4},"end":{"line":60,"column":5}}],"line":50},"7":{"loc":{"start":{"line":56,"column":6},"end":{"line":58,"column":7}},"type":"if","locations":[{"start":{"line":56,"column":6},"end":{"line":58,"column":7}},{"start":{"line":56,"column":6},"end":{"line":58,"column":7}}],"line":56},"8":{"loc":{"start":{"line":69,"column":12},"end":{"line":69,"column":34}},"type":"default-arg","locations":[{"start":{"line":69,"column":28},"end":{"line":69,"column":34}}],"line":69},"9":{"loc":{"start":{"line":114,"column":4},"end":{"line":118,"column":5}},"type":"if","locations":[{"start":{"line":114,"column":4},"end":{"line":118,"column":5}},{"start":{"line":114,"column":4},"end":{"line":118,"column":5}}],"line":114},"10":{"loc":{"start":{"line":114,"column":8},"end":{"line":114,"column":57}},"type":"binary-expr","locations":[{"start":{"line":114,"column":8},"end":{"line":114,"column":24}},{"start":{"line":114,"column":28},"end":{"line":114,"column":57}}],"line":114},"11":{"loc":{"start":{"line":116,"column":11},"end":{"line":118,"column":5}},"type":"if","locations":[{"start":{"line":116,"column":11},"end":{"line":118,"column":5}},{"start":{"line":116,"column":11},"end":{"line":118,"column":5}}],"line":116},"12":{"loc":{"start":{"line":116,"column":15},"end":{"line":116,"column":66}},"type":"binary-expr","locations":[{"start":{"line":116,"column":15},"end":{"line":116,"column":32}},{"start":{"line":116,"column":36},"end":{"line":116,"column":66}}],"line":116},"13":{"loc":{"start":{"line":122,"column":4},"end":{"line":180,"column":5}},"type":"if","locations":[{"start":{"line":122,"column":4},"end":{"line":180,"column":5}},{"start":{"line":122,"column":4},"end":{"line":180,"column":5}}],"line":122},"14":{"loc":{"start":{"line":139,"column":6},"end":{"line":168,"column":7}},"type":"switch","locations":[{"start":{"line":141,"column":8},"end":{"line":144,"column":9}},{"start":{"line":146,"column":8},"end":{"line":149,"column":9}},{"start":{"line":151,"column":8},"end":{"line":155,"column":9}},{"start":{"line":157,"column":8},"end":{"line":161,"column":9}},{"start":{"line":163,"column":8},"end":{"line":163,"column":45}},{"start":{"line":164,"column":8},"end":{"line":167,"column":9}}],"line":139},"15":{"loc":{"start":{"line":151,"column":13},"end":{"line":151,"column":43}},"type":"binary-expr","locations":[{"start":{"line":151,"column":13},"end":{"line":151,"column":25}},{"start":{"line":151,"column":29},"end":{"line":151,"column":43}}],"line":151},"16":{"loc":{"start":{"line":157,"column":14},"end":{"line":157,"column":44}},"type":"binary-expr","locations":[{"start":{"line":157,"column":14},"end":{"line":157,"column":27}},{"start":{"line":157,"column":31},"end":{"line":157,"column":44}}],"line":157},"17":{"loc":{"start":{"line":163,"column":14},"end":{"line":163,"column":43}},"type":"binary-expr","locations":[{"start":{"line":163,"column":14},"end":{"line":163,"column":26}},{"start":{"line":163,"column":30},"end":{"line":163,"column":43}}],"line":163},"18":{"loc":{"start":{"line":171,"column":6},"end":{"line":173,"column":7}},"type":"if","locations":[{"start":{"line":171,"column":6},"end":{"line":173,"column":7}},{"start":{"line":171,"column":6},"end":{"line":173,"column":7}}],"line":171},"19":{"loc":{"start":{"line":175,"column":6},"end":{"line":177,"column":7}},"type":"if","locations":[{"start":{"line":175,"column":6},"end":{"line":177,"column":7}},{"start":{"line":175,"column":6},"end":{"line":177,"column":7}}],"line":175},"20":{"loc":{"start":{"line":186,"column":4},"end":{"line":186,"column":65}},"type":"if","locations":[{"start":{"line":186,"column":4},"end":{"line":186,"column":65}},{"start":{"line":186,"column":4},"end":{"line":186,"column":65}}],"line":186},"21":{"loc":{"start":{"line":186,"column":8},"end":{"line":186,"column":51}},"type":"binary-expr","locations":[{"start":{"line":186,"column":8},"end":{"line":186,"column":26}},{"start":{"line":186,"column":30},"end":{"line":186,"column":51}}],"line":186},"22":{"loc":{"start":{"line":197,"column":14},"end":{"line":205,"column":16}},"type":"if","locations":[{"start":{"line":197,"column":14},"end":{"line":205,"column":16}},{"start":{"line":197,"column":14},"end":{"line":205,"column":16}}],"line":197},"23":{"loc":{"start":{"line":207,"column":14},"end":{"line":215,"column":16}},"type":"if","locations":[{"start":{"line":207,"column":14},"end":{"line":215,"column":16}},{"start":{"line":207,"column":14},"end":{"line":215,"column":16}}],"line":207},"24":{"loc":{"start":{"line":217,"column":14},"end":{"line":221,"column":15}},"type":"if","locations":[{"start":{"line":217,"column":14},"end":{"line":221,"column":15}},{"start":{"line":217,"column":14},"end":{"line":221,"column":15}}],"line":217},"25":{"loc":{"start":{"line":224,"column":56},"end":{"line":224,"column":93}},"type":"cond-expr","locations":[{"start":{"line":224,"column":79},"end":{"line":224,"column":88}},{"start":{"line":224,"column":91},"end":{"line":224,"column":93}}],"line":224}},"s":{"0":2,"1":2,"2":2,"3":6,"4":6,"5":6,"6":10,"7":10,"8":6,"9":2,"10":2,"11":2,"12":2,"13":2,"14":2,"15":2,"16":2,"17":2,"18":2,"19":2,"20":2,"21":0,"22":0,"23":0,"24":0,"25":0,"26":0,"27":0,"28":2,"29":2,"30":2,"31":2,"32":2,"33":2,"34":2,"35":0,"36":0,"37":0,"38":0,"39":0,"40":0,"41":0,"42":0,"43":0,"44":0,"45":4,"46":4,"47":4,"48":4,"49":4,"50":4,"51":0,"52":0,"53":4,"54":4,"55":2,"56":2,"57":2,"58":2,"59":2,"60":2,"61":2,"62":0,"63":0,"64":0,"65":0,"66":0,"67":0,"68":0,"69":2,"70":2,"71":2,"72":0,"73":0,"74":2,"75":2,"76":0,"77":2,"78":2,"79":2,"80":2,"81":4,"82":0,"83":4,"84":4,"85":4,"86":18,"87":0,"88":18,"89":2,"90":16,"91":2,"92":14,"93":0,"94":2},"f":{"0":6,"1":2,"2":2,"3":0,"4":2,"5":2,"6":2,"7":2,"8":0,"9":0,"10":0,"11":4,"12":4,"13":18,"14":0},"b":{"0":[0],"1":[2],"2":[0],"3":[2,0],"4":[2,0],"5":[2,0],"6":[0,2],"7":[0,0],"8":[2],"9":[4,0],"10":[4,0],"11":[0,0],"12":[0,0],"13":[2,2],"14":[0,0,0,2,0,0],"15":[2,0],"16":[2,2],"17":[0,0],"18":[0,2],"19":[2,0],"20":[0,4],"21":[4,4],"22":[0,18],"23":[2,16],"24":[2,14],"25":[4,10]},"_coverageSchema":"332fd63041d2c1bcb487cc26dd0d5f7d97098a6c","hash":"e272932f13e59abc8b79bef7fc86f49389719eb1"}
,"/Users/Home/Documents/Hack Reactor/FEC2/Review-Service/client/src/components/Paw.jsx": {"path":"/Users/Home/Documents/Hack Reactor/FEC2/Review-Service/client/src/components/Paw.jsx","statementMap":{"0":{"start":{"line":5,"column":12},"end":{"line":10,"column":1}},"1":{"start":{"line":6,"column":2},"end":{"line":9,"column":3}}},"fnMap":{"0":{"name":"(anonymous_0)","decl":{"start":{"line":5,"column":12},"end":{"line":5,"column":13}},"loc":{"start":{"line":5,"column":23},"end":{"line":10,"column":1}},"line":5}},"branchMap":{},"s":{"0":4,"1":28},"f":{"0":28},"b":{},"_coverageSchema":"332fd63041d2c1bcb487cc26dd0d5f7d97098a6c","hash":"c2825fae60209fa38c80dfb17b38caa4f0b79d65"}
,"/Users/Home/Documents/Hack Reactor/FEC2/Review-Service/client/src/components/Paws.jsx": {"path":"/Users/Home/Documents/Hack Reactor/FEC2/Review-Service/client/src/components/Paws.jsx","statementMap":{"0":{"start":{"line":8,"column":4},"end":{"line":8,"column":17}},"1":{"start":{"line":10,"column":4},"end":{"line":10,"column":36}},"2":{"start":{"line":11,"column":4},"end":{"line":11,"column":31}},"3":{"start":{"line":15,"column":4},"end":{"line":15,"column":35}},"4":{"start":{"line":19,"column":16},"end":{"line":19,"column":18}},"5":{"start":{"line":20,"column":18},"end":{"line":20,"column":60}},"6":{"start":{"line":21,"column":19},"end":{"line":21,"column":42}},"7":{"start":{"line":22,"column":20},"end":{"line":22,"column":32}},"8":{"start":{"line":24,"column":4},"end":{"line":26,"column":5}},"9":{"start":{"line":25,"column":6},"end":{"line":25,"column":18}},"10":{"start":{"line":28,"column":4},"end":{"line":30,"column":5}},"11":{"start":{"line":29,"column":6},"end":{"line":29,"column":40}},"12":{"start":{"line":32,"column":4},"end":{"line":34,"column":5}},"13":{"start":{"line":33,"column":6},"end":{"line":33,"column":40}},"14":{"start":{"line":36,"column":4},"end":{"line":38,"column":5}},"15":{"start":{"line":37,"column":6},"end":{"line":37,"column":41}},"16":{"start":{"line":41,"column":4},"end":{"line":41,"column":15}},"17":{"start":{"line":45,"column":4},"end":{"line":51,"column":5}},"18":{"start":{"line":48,"column":28},"end":{"line":48,"column":60}}},"fnMap":{"0":{"name":"(anonymous_0)","decl":{"start":{"line":7,"column":2},"end":{"line":7,"column":3}},"loc":{"start":{"line":7,"column":21},"end":{"line":12,"column":3}},"line":7},"1":{"name":"(anonymous_1)","decl":{"start":{"line":14,"column":2},"end":{"line":14,"column":3}},"loc":{"start":{"line":14,"column":39},"end":{"line":16,"column":3}},"line":14},"2":{"name":"(anonymous_2)","decl":{"start":{"line":18,"column":2},"end":{"line":18,"column":3}},"loc":{"start":{"line":18,"column":12},"end":{"line":42,"column":3}},"line":18},"3":{"name":"(anonymous_3)","decl":{"start":{"line":44,"column":2},"end":{"line":44,"column":3}},"loc":{"start":{"line":44,"column":11},"end":{"line":52,"column":3}},"line":44},"4":{"name":"(anonymous_4)","decl":{"start":{"line":48,"column":10},"end":{"line":48,"column":11}},"loc":{"start":{"line":48,"column":28},"end":{"line":48,"column":60}},"line":48}},"branchMap":{"0":{"loc":{"start":{"line":24,"column":4},"end":{"line":26,"column":5}},"type":"if","locations":[{"start":{"line":24,"column":4},"end":{"line":26,"column":5}},{"start":{"line":24,"column":4},"end":{"line":26,"column":5}}],"line":24},"1":{"loc":{"start":{"line":32,"column":4},"end":{"line":34,"column":5}},"type":"if","locations":[{"start":{"line":32,"column":4},"end":{"line":34,"column":5}},{"start":{"line":32,"column":4},"end":{"line":34,"column":5}}],"line":32}},"s":{"0":7,"1":7,"2":7,"3":0,"4":7,"5":7,"6":7,"7":7,"8":7,"9":2,"10":7,"11":13,"12":7,"13":2,"14":7,"15":13,"16":7,"17":7,"18":28},"f":{"0":7,"1":0,"2":7,"3":7,"4":28},"b":{"0":[2,5],"1":[2,5]},"_coverageSchema":"332fd63041d2c1bcb487cc26dd0d5f7d97098a6c","hash":"1a34a304524a2f1df890d5c2f7eae56c9b716940"}
,"/Users/Home/Documents/Hack Reactor/FEC2/Review-Service/client/src/components/ReviewEntry.jsx": {"path":"/Users/Home/Documents/Hack Reactor/FEC2/Review-Service/client/src/components/ReviewEntry.jsx","statementMap":{"0":{"start":{"line":11,"column":20},"end":{"line":36,"column":1}},"1":{"start":{"line":12,"column":15},"end":{"line":12,"column":51}},"2":{"start":{"line":14,"column":2},"end":{"line":35,"column":4}}},"fnMap":{"0":{"name":"(anonymous_0)","decl":{"start":{"line":11,"column":20},"end":{"line":11,"column":21}},"loc":{"start":{"line":11,"column":31},"end":{"line":36,"column":1}},"line":11}},"branchMap":{},"s":{"0":3,"1":8,"2":8},"f":{"0":8},"b":{},"_coverageSchema":"332fd63041d2c1bcb487cc26dd0d5f7d97098a6c","hash":"1caa056f140358ac49c125163f3bd7d1edecc219"}
,"/Users/Home/Documents/Hack Reactor/FEC2/Review-Service/client/src/components/ReviewList.jsx": {"path":"/Users/Home/Documents/Hack Reactor/FEC2/Review-Service/client/src/components/ReviewList.jsx","statementMap":{"0":{"start":{"line":12,"column":4},"end":{"line":12,"column":17}},"1":{"start":{"line":13,"column":4},"end":{"line":13,"column":43}},"2":{"start":{"line":14,"column":4},"end":{"line":14,"column":38}},"3":{"start":{"line":18,"column":4},"end":{"line":18,"column":37}},"4":{"start":{"line":19,"column":4},"end":{"line":19,"column":29}},"5":{"start":{"line":23,"column":4},"end":{"line":29,"column":5}},"6":{"start":{"line":26,"column":10},"end":{"line":26,"column":53}}},"fnMap":{"0":{"name":"(anonymous_0)","decl":{"start":{"line":11,"column":2},"end":{"line":11,"column":3}},"loc":{"start":{"line":11,"column":21},"end":{"line":15,"column":3}},"line":11},"1":{"name":"(anonymous_1)","decl":{"start":{"line":17,"column":2},"end":{"line":17,"column":3}},"loc":{"start":{"line":17,"column":39},"end":{"line":20,"column":3}},"line":17},"2":{"name":"(anonymous_2)","decl":{"start":{"line":22,"column":2},"end":{"line":22,"column":3}},"loc":{"start":{"line":22,"column":11},"end":{"line":30,"column":3}},"line":22},"3":{"name":"(anonymous_3)","decl":{"start":{"line":25,"column":26},"end":{"line":25,"column":27}},"loc":{"start":{"line":26,"column":10},"end":{"line":26,"column":53}},"line":26}},"branchMap":{},"s":{"0":1,"1":1,"2":1,"3":0,"4":0,"5":1,"6":7},"f":{"0":1,"1":0,"2":1,"3":7},"b":{},"_coverageSchema":"332fd63041d2c1bcb487cc26dd0d5f7d97098a6c","hash":"0d0b1d14670c40c4e7802cf24441aebc388762b6"}
,"/Users/Home/Documents/Hack Reactor/FEC2/Review-Service/client/src/components/SubBreakdownLeft.jsx": {"path":"/Users/Home/Documents/Hack Reactor/FEC2/Review-Service/client/src/components/SubBreakdownLeft.jsx","statementMap":{"0":{"start":{"line":6,"column":25},"end":{"line":46,"column":1}},"1":{"start":{"line":8,"column":2},"end":{"line":45,"column":3}},"2":{"start":{"line":51,"column":0},"end":{"line":51,"column":51}}},"fnMap":{"0":{"name":"(anonymous_0)","decl":{"start":{"line":6,"column":25},"end":{"line":6,"column":26}},"loc":{"start":{"line":6,"column":36},"end":{"line":46,"column":1}},"line":6}},"branchMap":{},"s":{"0":2,"1":1,"2":2},"f":{"0":1},"b":{},"_coverageSchema":"332fd63041d2c1bcb487cc26dd0d5f7d97098a6c","hash":"068d3910e4a933f8310e1075b51184804e597b7a"}
,"/Users/Home/Documents/Hack Reactor/FEC2/Review-Service/client/src/components/SubBreakdownRight.jsx": {"path":"/Users/Home/Documents/Hack Reactor/FEC2/Review-Service/client/src/components/SubBreakdownRight.jsx","statementMap":{"0":{"start":{"line":6,"column":26},"end":{"line":46,"column":1}},"1":{"start":{"line":8,"column":2},"end":{"line":45,"column":3}},"2":{"start":{"line":51,"column":0},"end":{"line":51,"column":53}}},"fnMap":{"0":{"name":"(anonymous_0)","decl":{"start":{"line":6,"column":26},"end":{"line":6,"column":27}},"loc":{"start":{"line":6,"column":37},"end":{"line":46,"column":1}},"line":6}},"branchMap":{},"s":{"0":2,"1":1,"2":2},"f":{"0":1},"b":{},"_coverageSchema":"332fd63041d2c1bcb487cc26dd0d5f7d97098a6c","hash":"5fabce4f593e29542e7be3038e15e164987f0a70"}
,"/Users/Home/Documents/Hack Reactor/FEC2/Review-Service/client/src/components/Summary.jsx": {"path":"/Users/Home/Documents/Hack Reactor/FEC2/Review-Service/client/src/components/Summary.jsx","statementMap":{"0":{"start":{"line":6,"column":16},"end":{"line":14,"column":1}},"1":{"start":{"line":7,"column":16},"end":{"line":7,"column":25}},"2":{"start":{"line":8,"column":2},"end":{"line":13,"column":3}}},"fnMap":{"0":{"name":"(anonymous_0)","decl":{"start":{"line":6,"column":16},"end":{"line":6,"column":17}},"loc":{"start":{"line":6,"column":27},"end":{"line":14,"column":1}},"line":6}},"branchMap":{},"s":{"0":2,"1":1,"2":1},"f":{"0":1},"b":{},"_coverageSchema":"332fd63041d2c1bcb487cc26dd0d5f7d97098a6c","hash":"74336aa678180fa185d3113644014477d065ba8f"}
,"/Users/Home/Documents/Hack Reactor/FEC2/Review-Service/database/config.js": {"path":"/Users/Home/Documents/Hack Reactor/FEC2/Review-Service/database/config.js","statementMap":{"0":{"start":{"line":2,"column":14},"end":{"line":2,"column":30}},"1":{"start":{"line":4,"column":11},"end":{"line":9,"column":2}},"2":{"start":{"line":11,"column":0},"end":{"line":11,"column":13}},"3":{"start":{"line":13,"column":0},"end":{"line":13,"column":20}}},"fnMap":{},"branchMap":{},"s":{"0":1,"1":1,"2":1,"3":1},"f":{},"b":{},"_coverageSchema":"332fd63041d2c1bcb487cc26dd0d5f7d97098a6c","hash":"01d2286bcec9c18e39e9f2876d82dce5995bdf8f"}
,"/Users/Home/Documents/Hack Reactor/FEC2/Review-Service/database/operations.js": {"path":"/Users/Home/Documents/Hack Reactor/FEC2/Review-Service/database/operations.js","statementMap":{"0":{"start":{"line":1,"column":9},"end":{"line":1,"column":31}},"1":{"start":{"line":3,"column":19},"end":{"line":8,"column":1}},"2":{"start":{"line":4,"column":13},"end":{"line":5,"column":60}},"3":{"start":{"line":7,"column":2},"end":{"line":7,"column":28}},"4":{"start":{"line":10,"column":19},"end":{"line":17,"column":1}},"5":{"start":{"line":11,"column":13},"end":{"line":14,"column":42}},"6":{"start":{"line":16,"column":2},"end":{"line":16,"column":28}},"7":{"start":{"line":19,"column":0},"end":{"line":22,"column":1}}},"fnMap":{"0":{"name":"(anonymous_0)","decl":{"start":{"line":3,"column":19},"end":{"line":3,"column":20}},"loc":{"start":{"line":3,"column":48},"end":{"line":8,"column":1}},"line":3},"1":{"name":"(anonymous_1)","decl":{"start":{"line":10,"column":19},"end":{"line":10,"column":20}},"loc":{"start":{"line":10,"column":48},"end":{"line":17,"column":1}},"line":10}},"branchMap":{},"s":{"0":1,"1":1,"2":2,"3":2,"4":1,"5":1,"6":1,"7":1},"f":{"0":2,"1":1},"b":{},"_coverageSchema":"332fd63041d2c1bcb487cc26dd0d5f7d97098a6c","hash":"947e8f7a3d321f85692df938b022466762ec155f"}
,"/Users/Home/Documents/Hack Reactor/FEC2/Review-Service/server/server.js": {"path":"/Users/Home/Documents/Hack Reactor/FEC2/Review-Service/server/server.js","statementMap":{"0":{"start":{"line":2,"column":16},"end":{"line":2,"column":34}},"1":{"start":{"line":3,"column":13},"end":{"line":3,"column":28}},"2":{"start":{"line":4,"column":19},"end":{"line":4,"column":41}},"3":{"start":{"line":5,"column":11},"end":{"line":5,"column":47}},"4":{"start":{"line":7,"column":12},"end":{"line":7,"column":21}},"5":{"start":{"line":9,"column":0},"end":{"line":9,"column":27}},"6":{"start":{"line":10,"column":0},"end":{"line":10,"column":49}},"7":{"start":{"line":12,"column":0},"end":{"line":12,"column":65}},"8":{"start":{"line":16,"column":0},"end":{"line":62,"column":3}},"9":{"start":{"line":17,"column":21},"end":{"line":17,"column":49}},"10":{"start":{"line":18,"column":2},"end":{"line":18,"column":26}},"11":{"start":{"line":19,"column":19},"end":{"line":19,"column":21}},"12":{"start":{"line":22,"column":2},"end":{"line":61,"column":5}},"13":{"start":{"line":23,"column":4},"end":{"line":26,"column":5}},"14":{"start":{"line":24,"column":6},"end":{"line":24,"column":52}},"15":{"start":{"line":25,"column":6},"end":{"line":25,"column":13}},"16":{"start":{"line":28,"column":4},"end":{"line":28,"column":38}},"17":{"start":{"line":29,"column":4},"end":{"line":29,"column":74}},"18":{"start":{"line":30,"column":4},"end":{"line":30,"column":79}},"19":{"start":{"line":31,"column":4},"end":{"line":31,"column":77}},"20":{"start":{"line":32,"column":4},"end":{"line":32,"column":74}},"21":{"start":{"line":33,"column":4},"end":{"line":33,"column":74}},"22":{"start":{"line":34,"column":4},"end":{"line":34,"column":72}},"23":{"start":{"line":35,"column":4},"end":{"line":35,"column":184}},"24":{"start":{"line":60,"column":4},"end":{"line":60,"column":37}},"25":{"start":{"line":64,"column":0},"end":{"line":76,"column":3}},"26":{"start":{"line":65,"column":21},"end":{"line":65,"column":49}},"27":{"start":{"line":66,"column":2},"end":{"line":66,"column":26}},"28":{"start":{"line":68,"column":2},"end":{"line":75,"column":5}},"29":{"start":{"line":69,"column":4},"end":{"line":72,"column":5}},"30":{"start":{"line":70,"column":6},"end":{"line":70,"column":51}},"31":{"start":{"line":71,"column":6},"end":{"line":71,"column":13}},"32":{"start":{"line":74,"column":4},"end":{"line":74,"column":34}},"33":{"start":{"line":78,"column":0},"end":{"line":78,"column":56}},"34":{"start":{"line":80,"column":0},"end":{"line":80,"column":21}}},"fnMap":{"0":{"name":"(anonymous_0)","decl":{"start":{"line":16,"column":44},"end":{"line":16,"column":45}},"loc":{"start":{"line":16,"column":58},"end":{"line":62,"column":1}},"line":16},"1":{"name":"(anonymous_1)","decl":{"start":{"line":22,"column":28},"end":{"line":22,"column":29}},"loc":{"start":{"line":22,"column":51},"end":{"line":61,"column":3}},"line":22},"2":{"name":"(anonymous_2)","decl":{"start":{"line":64,"column":43},"end":{"line":64,"column":44}},"loc":{"start":{"line":64,"column":57},"end":{"line":76,"column":1}},"line":64},"3":{"name":"(anonymous_3)","decl":{"start":{"line":68,"column":28},"end":{"line":68,"column":29}},"loc":{"start":{"line":68,"column":51},"end":{"line":75,"column":3}},"line":68}},"branchMap":{"0":{"loc":{"start":{"line":23,"column":4},"end":{"line":26,"column":5}},"type":"if","locations":[{"start":{"line":23,"column":4},"end":{"line":26,"column":5}},{"start":{"line":23,"column":4},"end":{"line":26,"column":5}}],"line":23},"1":{"loc":{"start":{"line":69,"column":4},"end":{"line":72,"column":5}},"type":"if","locations":[{"start":{"line":69,"column":4},"end":{"line":72,"column":5}},{"start":{"line":69,"column":4},"end":{"line":72,"column":5}}],"line":69}},"s":{"0":1,"1":1,"2":1,"3":1,"4":1,"5":1,"6":1,"7":1,"8":1,"9":2,"10":2,"11":2,"12":2,"13":2,"14":0,"15":0,"16":2,"17":2,"18":2,"19":2,"20":2,"21":2,"22":2,"23":2,"24":2,"25":1,"26":1,"27":1,"28":1,"29":1,"30":0,"31":0,"32":1,"33":1,"34":1},"f":{"0":2,"1":2,"2":1,"3":1},"b":{"0":[0,2],"1":[0,1]},"_coverageSchema":"332fd63041d2c1bcb487cc26dd0d5f7d97098a6c","hash":"6a945a1b02df3d08c60079dad18788eb9d5a9fd2"}
,"/Users/Home/Documents/Hack Reactor/FEC2/Review-Service/spec/setup.js": {"path":"/Users/Home/Documents/Hack Reactor/FEC2/Review-Service/spec/setup.js","statementMap":{"0":{"start":{"line":4,"column":0},"end":{"line":4,"column":38}}},"fnMap":{},"branchMap":{},"s":{"0":10},"f":{},"b":{},"_coverageSchema":"332fd63041d2c1bcb487cc26dd0d5f7d97098a6c","hash":"27924bfebc36a93595f0913f456e5afc891f2a54"}
}
