TN:
SF:/Users/Home/Documents/Hack Reactor/FEC2/Review-Service/client/src/utils.js
FN:1,(anonymous_0)
FNF:1
FNH:1
FNDA:10,(anonymous_0)
DA:1,4
DA:2,10
DA:3,10
DA:4,10
DA:5,10
DA:6,10
DA:9,4
LF:7
LH:7
BRF:0
BRH:0
end_of_record
TN:
SF:/Users/Home/Documents/Hack Reactor/FEC2/Review-Service/client/src/components/App.jsx
FN:11,(anonymous_0)
FN:28,(anonymous_1)
FN:33,(anonymous_2)
FN:43,(anonymous_3)
FN:48,(anonymous_4)
FN:51,(anonymous_5)
FN:56,(anonymous_6)
FN:61,(anonymous_7)
FN:64,(anonymous_8)
FN:69,(anonymous_9)
FN:73,(anonymous_10)
FNF:11
FNH:5
FNDA:2,(anonymous_0)
FNDA:2,(anonymous_1)
FNDA:0,(anonymous_2)
FNDA:2,(anonymous_3)
FNDA:0,(anonymous_4)
FNDA:0,(anonymous_5)
FNDA:2,(anonymous_6)
FNDA:0,(anonymous_7)
FNDA:0,(anonymous_8)
FNDA:0,(anonymous_9)
FNDA:2,(anonymous_10)
DA:12,2
DA:14,2
DA:23,2
DA:24,2
DA:25,2
DA:29,2
DA:30,2
DA:34,0
DA:35,0
DA:37,0
DA:38,0
DA:40,0
DA:44,2
DA:45,2
DA:47,2
DA:49,0
DA:52,0
DA:57,2
DA:58,2
DA:60,2
DA:62,0
DA:65,0
DA:70,0
DA:74,2
DA:75,2
DA:77,2
LF:26
LH:16
BRF:0
BRH:0
end_of_record
TN:
SF:/Users/Home/Documents/Hack Reactor/FEC2/Review-Service/client/src/components/Breakdown.jsx
FN:7,(anonymous_0)
FNF:1
FNH:1
FNDA:1,(anonymous_0)
DA:7,2
DA:9,1
DA:10,1
DA:12,1
DA:13,1
DA:14,1
DA:15,1
DA:16,1
DA:17,1
DA:20,1
LF:10
LH:10
BRF:0
BRH:0
end_of_record
TN:
SF:/Users/Home/Documents/Hack Reactor/FEC2/Review-Service/client/src/components/Overview.jsx
FN:7,(anonymous_0)
FNF:1
FNH:0
FNDA:0,(anonymous_0)
DA:7,1
DA:8,0
LF:2
LH:1
BRF:0
BRH:0
end_of_record
TN:
SF:/Users/Home/Documents/Hack Reactor/FEC2/Review-Service/client/src/components/Pagination.jsx
FN:10,(anonymous_0)
FN:24,(anonymous_1)
FN:49,(anonymous_2)
FN:54,(anonymous_3)
FN:63,(anonymous_4)
FN:67,(anonymous_5)
FN:69,(anonymous_6)
FN:82,(anonymous_7)
FN:86,(anonymous_8)
FN:92,(anonymous_9)
FN:98,(anonymous_10)
FN:105,(anonymous_11)
FN:185,(anonymous_12)
FN:195,(anonymous_13)
FN:225,(anonymous_14)
FNF:15
FNH:10
FNDA:6,(anonymous_0)
FNDA:2,(anonymous_1)
FNDA:2,(anonymous_2)
FNDA:0,(anonymous_3)
FNDA:2,(anonymous_4)
FNDA:2,(anonymous_5)
FNDA:2,(anonymous_6)
FNDA:2,(anonymous_7)
FNDA:0,(anonymous_8)
FNDA:0,(anonymous_9)
FNDA:0,(anonymous_10)
FNDA:4,(anonymous_11)
FNDA:4,(anonymous_12)
FNDA:18,(anonymous_13)
FNDA:0,(anonymous_14)
DA:7,2
DA:8,2
DA:10,2
DA:11,6
DA:12,6
DA:14,6
DA:15,10
DA:16,10
DA:20,6
DA:25,2
DA:26,2
DA:29,2
DA:31,2
DA:33,2
DA:37,2
DA:39,2
DA:43,2
DA:44,2
DA:45,2
DA:46,2
DA:50,2
DA:51,0
DA:52,0
DA:53,0
DA:54,0
DA:55,0
DA:56,0
DA:57,0
DA:64,2
DA:69,2
DA:72,2
DA:74,2
DA:82,2
DA:87,0
DA:88,0
DA:89,0
DA:93,0
DA:94,0
DA:95,0
DA:99,0
DA:100,0
DA:101,0
DA:102,0
DA:106,4
DA:107,4
DA:108,4
DA:112,4
DA:114,4
DA:115,4
DA:116,0
DA:117,0
DA:120,4
DA:122,4
DA:124,2
DA:126,2
DA:128,2
DA:131,2
DA:133,2
DA:135,2
DA:139,2
DA:142,0
DA:143,0
DA:147,0
DA:148,0
DA:152,0
DA:153,0
DA:154,0
DA:158,2
DA:159,2
DA:160,2
DA:165,0
DA:166,0
DA:169,2
DA:171,2
DA:172,0
DA:175,2
DA:176,2
DA:179,2
DA:182,2
DA:186,4
DA:188,4
DA:189,4
DA:191,4
DA:197,18
DA:207,18
DA:217,16
DA:223,14
DA:225,0
DA:240,2
LF:89
LH:59
BRDA:26,0,0,0
BRDA:26,1,0,2
BRDA:26,2,0,0
BRDA:29,3,0,2
BRDA:29,3,1,0
BRDA:31,4,0,2
BRDA:31,4,1,0
BRDA:33,5,0,2
BRDA:33,5,1,0
BRDA:50,6,0,0
BRDA:50,6,1,2
BRDA:56,7,0,0
BRDA:56,7,1,0
BRDA:69,8,0,2
BRDA:114,9,0,4
BRDA:114,9,1,0
BRDA:114,10,0,4
BRDA:114,10,1,0
BRDA:116,11,0,0
BRDA:116,11,1,0
BRDA:116,12,0,0
BRDA:116,12,1,0
BRDA:122,13,0,2
BRDA:122,13,1,2
BRDA:139,14,0,0
BRDA:139,14,1,0
BRDA:139,14,2,0
BRDA:139,14,3,2
BRDA:139,14,4,0
BRDA:139,14,5,0
BRDA:151,15,0,2
BRDA:151,15,1,0
BRDA:157,16,0,2
BRDA:157,16,1,2
BRDA:163,17,0,0
BRDA:163,17,1,0
BRDA:171,18,0,0
BRDA:171,18,1,2
BRDA:175,19,0,2
BRDA:175,19,1,0
BRDA:186,20,0,0
BRDA:186,20,1,4
BRDA:186,21,0,4
BRDA:186,21,1,4
BRDA:197,22,0,0
BRDA:197,22,1,18
BRDA:207,23,0,2
BRDA:207,23,1,16
BRDA:217,24,0,2
BRDA:217,24,1,14
BRDA:224,25,0,4
BRDA:224,25,1,10
BRF:52
BRH:26
end_of_record
TN:
SF:/Users/Home/Documents/Hack Reactor/FEC2/Review-Service/client/src/components/Paw.jsx
FN:5,(anonymous_0)
FNF:1
FNH:1
FNDA:28,(anonymous_0)
DA:5,4
DA:6,28
LF:2
LH:2
BRF:0
BRH:0
end_of_record
TN:
SF:/Users/Home/Documents/Hack Reactor/FEC2/Review-Service/client/src/components/Paws.jsx
FN:7,(anonymous_0)
FN:14,(anonymous_1)
FN:18,(anonymous_2)
FN:44,(anonymous_3)
FN:48,(anonymous_4)
FNF:5
FNH:4
FNDA:7,(anonymous_0)
FNDA:0,(anonymous_1)
FNDA:7,(anonymous_2)
FNDA:7,(anonymous_3)
FNDA:28,(anonymous_4)
DA:8,7
DA:10,7
DA:11,7
DA:15,0
DA:19,7
DA:20,7
DA:21,7
DA:22,7
DA:24,7
DA:25,2
DA:28,7
DA:29,13
DA:32,7
DA:33,2
DA:36,7
DA:37,13
DA:41,7
DA:45,7
DA:48,28
LF:19
LH:18
BRDA:24,0,0,2
BRDA:24,0,1,5
BRDA:32,1,0,2
BRDA:32,1,1,5
BRF:4
BRH:4
end_of_record
TN:
SF:/Users/Home/Documents/Hack Reactor/FEC2/Review-Service/client/src/components/ReviewEntry.jsx
FN:11,(anonymous_0)
FNF:1
FNH:1
FNDA:8,(anonymous_0)
DA:11,3
DA:12,8
DA:14,8
LF:3
LH:3
BRF:0
BRH:0
end_of_record
TN:
SF:/Users/Home/Documents/Hack Reactor/FEC2/Review-Service/client/src/components/ReviewList.jsx
FN:11,(anonymous_0)
FN:17,(anonymous_1)
FN:22,(anonymous_2)
FN:25,(anonymous_3)
FNF:4
FNH:3
FNDA:1,(anonymous_0)
FNDA:0,(anonymous_1)
FNDA:1,(anonymous_2)
FNDA:7,(anonymous_3)
DA:12,1
DA:13,1
DA:14,1
DA:18,0
DA:19,0
DA:23,1
DA:26,7
LF:7
LH:5
BRF:0
BRH:0
end_of_record
TN:
SF:/Users/Home/Documents/Hack Reactor/FEC2/Review-Service/client/src/components/SubBreakdownLeft.jsx
FN:6,(anonymous_0)
FNF:1
FNH:1
FNDA:1,(anonymous_0)
DA:6,2
DA:8,1
DA:51,2
LF:3
LH:3
BRF:0
BRH:0
end_of_record
TN:
SF:/Users/Home/Documents/Hack Reactor/FEC2/Review-Service/client/src/components/SubBreakdownRight.jsx
FN:6,(anonymous_0)
FNF:1
FNH:1
FNDA:1,(anonymous_0)
DA:6,2
DA:8,1
DA:51,2
LF:3
LH:3
BRF:0
BRH:0
end_of_record
TN:
SF:/Users/Home/Documents/Hack Reactor/FEC2/Review-Service/client/src/components/Summary.jsx
FN:6,(anonymous_0)
FNF:1
FNH:1
FNDA:1,(anonymous_0)
DA:6,2
DA:7,1
DA:8,1
LF:3
LH:3
BRF:0
BRH:0
end_of_record
TN:
SF:/Users/Home/Documents/Hack Reactor/FEC2/Review-Service/database/config.js
FNF:0
FNH:0
DA:2,1
DA:4,1
DA:11,1
DA:13,1
LF:4
LH:4
BRF:0
BRH:0
end_of_record
TN:
SF:/Users/Home/Documents/Hack Reactor/FEC2/Review-Service/database/operations.js
FN:3,(anonymous_0)
FN:10,(anonymous_1)
FNF:2
FNH:2
FNDA:2,(anonymous_0)
FNDA:1,(anonymous_1)
DA:1,1
DA:3,1
DA:4,2
DA:7,2
DA:10,1
DA:11,1
DA:16,1
DA:19,1
LF:8
LH:8
BRF:0
BRH:0
end_of_record
TN:
SF:/Users/Home/Documents/Hack Reactor/FEC2/Review-Service/server/server.js
FN:16,(anonymous_0)
FN:22,(anonymous_1)
FN:64,(anonymous_2)
FN:68,(anonymous_3)
FNF:4
FNH:4
FNDA:2,(anonymous_0)
FNDA:2,(anonymous_1)
FNDA:1,(anonymous_2)
FNDA:1,(anonymous_3)
DA:2,1
DA:3,1
DA:4,1
DA:5,1
DA:7,1
DA:9,1
DA:10,1
DA:12,1
DA:16,1
DA:17,2
DA:18,2
DA:19,2
DA:22,2
DA:23,2
DA:24,0
DA:25,0
DA:28,2
DA:29,2
DA:30,2
DA:31,2
DA:32,2
DA:33,2
DA:34,2
DA:35,2
DA:60,2
DA:64,1
DA:65,1
DA:66,1
DA:68,1
DA:69,1
DA:70,0
DA:71,0
DA:74,1
DA:78,1
DA:80,1
LF:35
LH:31
BRDA:23,0,0,0
BRDA:23,0,1,2
BRDA:69,1,0,0
BRDA:69,1,1,1
BRF:4
BRH:2
end_of_record
TN:
SF:/Users/Home/Documents/Hack Reactor/FEC2/Review-Service/spec/setup.js
FNF:0
FNH:0
DA:4,10
LF:1
LH:1
BRF:0
BRH:0
end_of_record
